[2026-02-22 16:00:03] INFO - 
============================================================
[2026-02-22 16:00:03] INFO - Ablation axis: model
[2026-02-22 16:00:03] INFO - ============================================================
[2026-02-22 16:00:03] INFO -   Running: model/mlp ...
[2026-02-22 16:00:07] INFO -     mlp: acc=1.0000 ± 0.0000
[2026-02-22 16:00:07] INFO -   Running: model/transformer ...
[2026-02-22 16:00:57] INFO -     transformer: acc=1.0000 ± 0.0000
[2026-02-22 16:00:57] INFO -   Running: model/gcn ...
[2026-02-22 16:07:41] INFO -     gcn: acc=1.0000 ± 0.0000
[2026-02-22 16:07:41] INFO - 
============================================================
[2026-02-22 16:07:41] INFO - Ablation axis: loss
[2026-02-22 16:07:41] INFO - ============================================================
[2026-02-22 16:07:41] INFO -   Running: loss/triplet ...
[2026-02-22 16:08:35] INFO -     triplet: acc=1.0000 ± 0.0000
[2026-02-22 16:08:35] INFO -   Running: loss/supcon ...
[2026-02-22 16:09:28] INFO -     supcon: acc=1.0000 ± 0.0000
[2026-02-22 16:09:28] INFO - 
Ablation results saved to results/ablation.csv
[2026-02-22 16:09:28] INFO - 
============================================================
[2026-02-22 16:09:28] INFO - ABLATION SUMMARY
[2026-02-22 16:09:28] INFO - ============================================================
[2026-02-22 16:09:28] INFO - Axis               Setting         Accuracy     CI        
[2026-02-22 16:09:28] INFO - ------------------------------------------------------------
[2026-02-22 16:09:28] INFO - model              mlp             1.0000       0.0000    
[2026-02-22 16:09:28] INFO - model              transformer     1.0000       0.0000    
[2026-02-22 16:09:28] INFO - model              gcn             1.0000       0.0000    
[2026-02-22 16:09:28] INFO - loss               triplet         1.0000       0.0000    
[2026-02-22 16:09:28] INFO - loss               supcon          1.0000       0.0000    
[2026-02-22 18:06:36] INFO - 
============================================================
[2026-02-22 18:06:36] INFO - Ablation axis: representation
[2026-02-22 18:06:36] INFO - ============================================================
[2026-02-22 18:06:36] INFO -   Running: representation/raw ...
[2026-02-22 18:07:16] INFO -     raw: acc=0.9519 ± 0.0090
[2026-02-22 18:07:16] INFO -   Running: representation/pairwise ...
[2026-02-22 18:07:33] INFO -     pairwise: acc=0.9416 ± 0.0131
[2026-02-22 18:07:33] INFO -   Running: representation/graph ...
[2026-02-22 18:08:14] INFO -     graph: acc=0.9557 ± 0.0099
[2026-02-22 18:08:14] INFO - 
Ablation results saved to results/ablation.csv
[2026-02-22 18:08:14] INFO - 
============================================================
[2026-02-22 18:08:14] INFO - ABLATION SUMMARY
[2026-02-22 18:08:14] INFO - ============================================================
[2026-02-22 18:08:14] INFO - Axis               Setting         Accuracy     CI        
[2026-02-22 18:08:14] INFO - ------------------------------------------------------------
[2026-02-22 18:08:14] INFO - representation     raw             0.9519       0.0090    
[2026-02-22 18:08:14] INFO - representation     pairwise        0.9416       0.0131    
[2026-02-22 18:08:14] INFO - representation     graph           0.9557       0.0099    
