[2026-02-22 15:43:42] INFO - Config: {'seed': 42, 'deterministic': True, 'dataset': {'name': 'ASL', 'root': 'data/raw/ms_asl', 'num_classes': 100, 'sequence_length': 32, 'num_landmarks': 21, 'landmark_dim': 3, 'normalize_translation': True, 'normalize_scale': True}, 'representation': 'raw', 'model': {'encoder': 'transformer', 'embedding_dim': 128, 'mlp': {'hidden_dims': [256, 256], 'dropout': 0.3}, 'transformer': {'num_heads': 4, 'num_layers': 2, 'dim_feedforward': 256, 'dropout': 0.1}, 'gcn': {'hidden_dim': 128, 'num_layers': 3, 'dropout': 0.2}}, 'few_shot': {'method': 'prototypical', 'n_way': 5, 'k_shot': 5, 'q_query': 15, 'episodes_train': 1000, 'episodes_eval': 1000}, 'loss': {'name': 'supcon', 'triplet': {'margin': 0.5, 'mining': 'semi_hard'}, 'supcon': {'temperature': 0.07}, 'arcface': {'scale': 30.0, 'margin': 0.5}}, 'training': {'optimizer': 'adamw', 'lr': 0.0001, 'weight_decay': 0.0001, 'batch_size': 64, 'epochs': 3, 'scheduler': 'cosine', 'patience': 15, 'grad_clip': 1.0, 'num_workers': 4}, 'adaptation': {'mode': 'finetune_last', 'lr': 0.0001, 'epochs': 50, 'shots': [1, 5]}, 'output_dir': 'results', 'checkpoint_dir': 'results/checkpoints', 'log_file': 'results/train.log', 'save_best_only': True, 'device': 'auto'}
[2026-02-22 15:43:42] INFO - Device: cpu
[2026-02-22 15:43:42] INFO - Model: prototypical with transformer encoder
[2026-02-22 15:43:42] INFO - Total parameters: 289,920
[2026-02-22 15:43:42] INFO - Epoch 1/3
[2026-02-22 15:45:25] INFO -   Train loss: 1.4977  acc: 1.0000
[2026-02-22 15:45:33] INFO -   Eval  acc: 1.0000 ± 0.0000  loss: 0.0000
[2026-02-22 15:45:33] INFO -   ★ New best model saved (1.0000) → results/checkpoints/best_asl.pt
[2026-02-22 15:45:33] INFO - Epoch 2/3
[2026-02-22 15:47:16] INFO -   Train loss: 1.4781  acc: 1.0000
[2026-02-22 15:47:24] INFO -   Eval  acc: 1.0000 ± 0.0000  loss: 0.0000
[2026-02-22 15:47:24] INFO - Epoch 3/3
[2026-02-22 15:49:14] INFO - Loaded checkpoint: results/checkpoints/best_asl.pt
[2026-02-22 15:49:14] INFO - Running episodic evaluation on ASL
[2026-02-22 15:49:14] INFO - Accuracy: 1.0000 ± 0.0000
[2026-02-22 15:49:16] INFO - t-SNE plot saved to results/plots/tsne.png
[2026-02-22 15:49:16] INFO - Results saved to results/few_shot.csv
[2026-02-22 15:49:51] INFO - Loaded checkpoint: results/checkpoints/best_asl.pt
[2026-02-22 15:49:51] INFO - Running zero-shot cross-domain evaluation
[2026-02-22 15:49:52] INFO - Zero-shot accuracy: 1.0000 ± 0.0000
[2026-02-22 15:49:52] INFO - Results saved to results/zero_shot.csv
